2025-08-14 17:07:46,894 [INFO] AIChatPalWeb: Starting Flask web server…
 * Serving Flask app 'main' (lazy loading)
 * Environment: production
   WARNING: This is a development server. Do not use it in a production deployment.
   Use a production WSGI server instead.
 * Debug mode: off
Traceback (most recent call last):
  File "/workspace/main.py", line 1333, in <module>
    main()
    ~~~~^^
  File "/workspace/main.py", line 1329, in main
    app.run(host="0.0.0.0", port=port, debug=False, use_reloader=False)
    ~~~~~~~^^^^^^^^^^^^^^^^^^^^^^^^^^^^^^^^^^^^^^^^^^^^^^^^^^^^^^^^^^^^
  File "/home/ubuntu/.local/lib/python3.13/site-packages/flask/app.py", line 920, in run
    run_simple(t.cast(str, host), port, self, **options)
    ~~~~~~~~~~^^^^^^^^^^^^^^^^^^^^^^^^^^^^^^^^^^^^^^^^^^
  File "/home/ubuntu/.local/lib/python3.13/site-packages/werkzeug/serving.py", line 1017, in run_simple
    inner()
    ~~~~~^^
  File "/home/ubuntu/.local/lib/python3.13/site-packages/werkzeug/serving.py", line 957, in inner
    srv = make_server(
        hostname,
    ...<7 lines>...
        fd=fd,
    )
  File "/home/ubuntu/.local/lib/python3.13/site-packages/werkzeug/serving.py", line 789, in make_server
    return ThreadedWSGIServer(
        host, port, app, request_handler, passthrough_errors, ssl_context, fd=fd
    )
  File "/home/ubuntu/.local/lib/python3.13/site-packages/werkzeug/serving.py", line 693, in __init__
    super().__init__(server_address, handler)  # type: ignore
    ~~~~~~~~~~~~~~~~^^^^^^^^^^^^^^^^^^^^^^^^^
  File "/usr/lib/python3.13/socketserver.py", line 457, in __init__
    self.server_bind()
    ~~~~~~~~~~~~~~~~^^
  File "/usr/lib/python3.13/http/server.py", line 136, in server_bind
    socketserver.TCPServer.server_bind(self)
    ~~~~~~~~~~~~~~~~~~~~~~~~~~~~~~~~~~^^^^^^
  File "/usr/lib/python3.13/socketserver.py", line 478, in server_bind
    self.socket.bind(self.server_address)
    ~~~~~~~~~~~~~~~~^^^^^^^^^^^^^^^^^^^^^
OSError: [Errno 98] Address already in use
